#
# A fatal error has been detected by the Java Runtime Environment:
#
#  EXCEPTION_ACCESS_VIOLATION (0xc0000005) at pc=0x00007ffef28d47ff, pid=7604, tid=20248
#
# JRE version: Java(TM) SE Runtime Environment (14.0.2+12) (build 14.0.2+12-46)
# Java VM: Java HotSpot(TM) 64-Bit Server VM (14.0.2+12-46, mixed mode, sharing, tiered, compressed oops, g1 gc, windows-amd64)
# Problematic frame:
# V  [jvm.dll+0x4d47ff]
#
# No core dump will be written. Minidumps are not enabled by default on client versions of Windows
#
# If you would like to submit a bug report, please visit:
#   https://bugreport.java.com/bugreport/crash.jsp
#

---------------  S U M M A R Y ------------

Command Line: -Dorg.gradle.native=false -javaagent:build/tmp/expandedArchives/org.jacoco.agent-0.8.6.jar_a26f6511a7813217be4cd6439d66563b/jacocoagent.jar=destfile=build/jacoco/test.exec,append=true,inclnolocationclasses=false,dumponexit=true,output=file,jmx=false -Xmx512m -Dfile.encoding=windows-1252 -Duser.country=US -Duser.language=en -Duser.variant -ea worker.org.gradle.process.internal.worker.GradleWorkerMain 'Gradle Test Executor 2'

Host: Intel(R) Core(TM) i7-5600U CPU @ 2.60GHz, 4 cores, 15G,  Windows 10 , 64 bit Build 18362 (10.0.18362.329)
Time: Tue May 11 17:28:02 2021 Eastern Daylight Time elapsed time: 12 seconds (0d 0h 0m 12s)

---------------  T H R E A D  ---------------

Current thread (0x000001bb75bc9000):  JavaThread "Test worker" [_thread_in_vm, id=20248, stack(0x0000006fef800000,0x0000006fef900000)]

Stack: [0x0000006fef800000,0x0000006fef900000],  sp=0x0000006fef8f6da0,  free space=987k
Native frames: (J=compiled Java code, j=interpreted, Vv=VM code, C=native code)
V  [jvm.dll+0x4d47ff]
V  [jvm.dll+0x4d42ab]
V  [jvm.dll+0x1bd1a2]
V  [jvm.dll+0x1b0c47]
V  [jvm.dll+0x4d3642]
V  [jvm.dll+0x6ccdd9]
V  [jvm.dll+0x3b49d0]
V  [jvm.dll+0x3b97bd]
C  [java.dll+0x1970]

Java frames: (J=compiled Java code, j=interpreted, Vv=VM code)
J 1281  java.lang.ClassLoader.defineClass1(Ljava/lang/ClassLoader;Ljava/lang/String;[BIILjava/security/ProtectionDomain;Ljava/lang/String;)Ljava/lang/Class; java.base@14.0.2 (0 bytes) @ 0x000001bb69d2878b [0x000001bb69d286c0+0x00000000000000cb]
J 1596 c1 java.lang.ClassLoader.defineClass(Ljava/lang/String;[BIILjava/security/ProtectionDomain;)Ljava/lang/Class; java.base@14.0.2 (43 bytes) @ 0x000001bb62b45874 [0x000001bb62b45500+0x0000000000000374]
J 1846 c1 jdk.internal.loader.BuiltinClassLoader.defineClass(Ljava/lang/String;Ljdk/internal/loader/Resource;)Ljava/lang/Class; java.base@14.0.2 (121 bytes) @ 0x000001bb62c41d84 [0x000001bb62c40bc0+0x00000000000011c4]
J 1611 c1 jdk.internal.loader.BuiltinClassLoader.findClassOnClassPathOrNull(Ljava/lang/String;)Ljava/lang/Class; java.base@14.0.2 (64 bytes) @ 0x000001bb62b4b8d4 [0x000001bb62b4aa00+0x0000000000000ed4]
J 4700 c2 jdk.internal.loader.BuiltinClassLoader.loadClassOrNull(Ljava/lang/String;Z)Ljava/lang/Class; java.base@14.0.2 (143 bytes) @ 0x000001bb69f8ee50 [0x000001bb69f8e000+0x0000000000000e50]
J 5009 c2 jdk.internal.loader.ClassLoaders$AppClassLoader.loadClass(Ljava/lang/String;Z)Ljava/lang/Class; java.base@14.0.2 (40 bytes) @ 0x000001bb69de131c [0x000001bb69de12c0+0x000000000000005c]
J 4826 c2 java.lang.ClassLoader.loadClass(Ljava/lang/String;)Ljava/lang/Class; java.base@14.0.2 (7 bytes) @ 0x000001bb69fd6a50 [0x000001bb69fd6a00+0x0000000000000050]
v  ~StubRoutines::call_stub
J 1281  java.lang.ClassLoader.defineClass1(Ljava/lang/ClassLoader;Ljava/lang/String;[BIILjava/security/ProtectionDomain;Ljava/lang/String;)Ljava/lang/Class; java.base@14.0.2 (0 bytes) @ 0x000001bb69d2878b [0x000001bb69d286c0+0x00000000000000cb]
J 1596 c1 java.lang.ClassLoader.defineClass(Ljava/lang/String;[BIILjava/security/ProtectionDomain;)Ljava/lang/Class; java.base@14.0.2 (43 bytes) @ 0x000001bb62b45874 [0x000001bb62b45500+0x0000000000000374]
J 1846 c1 jdk.internal.loader.BuiltinClassLoader.defineClass(Ljava/lang/String;Ljdk/internal/loader/Resource;)Ljava/lang/Class; java.base@14.0.2 (121 bytes) @ 0x000001bb62c41d84 [0x000001bb62c40bc0+0x00000000000011c4]
J 1611 c1 jdk.internal.loader.BuiltinClassLoader.findClassOnClassPathOrNull(Ljava/lang/String;)Ljava/lang/Class; java.base@14.0.2 (64 bytes) @ 0x000001bb62b4b8d4 [0x000001bb62b4aa00+0x0000000000000ed4]
J 4700 c2 jdk.internal.loader.BuiltinClassLoader.loadClassOrNull(Ljava/lang/String;Z)Ljava/lang/Class; java.base@14.0.2 (143 bytes) @ 0x000001bb69f8ee50 [0x000001bb69f8e000+0x0000000000000e50]
J 5009 c2 jdk.internal.loader.ClassLoaders$AppClassLoader.loadClass(Ljava/lang/String;Z)Ljava/lang/Class; java.base@14.0.2 (40 bytes) @ 0x000001bb69de131c [0x000001bb69de12c0+0x000000000000005c]
J 4826 c2 java.lang.ClassLoader.loadClass(Ljava/lang/String;)Ljava/lang/Class; java.base@14.0.2 (7 bytes) @ 0x000001bb69fd6a50 [0x000001bb69fd6a00+0x0000000000000050]
v  ~StubRoutines::call_stub
j  org.hibernate.internal.SessionFactoryImpl.<init>(Lorg/hibernate/boot/spi/MetadataImplementor;Lorg/hibernate/boot/spi/SessionFactoryOptions;Lorg/hibernate/engine/query/spi/QueryPlanCache$QueryPlanCreator;)V+522
j  org.hibernate.boot.internal.SessionFactoryBuilderImpl.build()Lorg/hibernate/SessionFactory;+83
j  org.hibernate.jpa.boot.internal.EntityManagerFactoryBuilderImpl.build()Ljavax/persistence/EntityManagerFactory;+36
j  org.springframework.orm.jpa.vendor.SpringHibernateJpaPersistenceProvider.createContainerEntityManagerFactory(Ljavax/persistence/spi/PersistenceUnitInfo;Ljava/util/Map;)Ljavax/persistence/EntityManagerFactory;+81
j  org.springframework.orm.jpa.LocalContainerEntityManagerFactoryBean.createNativeEntityManagerFactory()Ljavax/persistence/EntityManagerFactory;+216
j  org.springframework.orm.jpa.AbstractEntityManagerFactoryBean.buildNativeEntityManagerFactory()Ljavax/persistence/EntityManagerFactory;+5
j  org.springframework.orm.jpa.AbstractEntityManagerFactoryBean.afterPropertiesSet()V+360
j  org.springframework.orm.jpa.LocalContainerEntityManagerFactoryBean.afterPropertiesSet()V+146
j  org.springframework.beans.factory.support.AbstractAutowireCapableBeanFactory.invokeInitMethods(Ljava/lang/String;Ljava/lang/Object;Lorg/springframework/beans/factory/support/RootBeanDefinition;)V+221
j  org.springframework.beans.factory.support.AbstractAutowireCapableBeanFactory.initializeBean(Ljava/lang/String;Ljava/lang/Object;Lorg/springframework/beans/factory/support/RootBeanDefinition;)Ljava/lang/Object;+140
j  org.springframework.beans.factory.support.AbstractAutowireCapableBeanFactory.doCreateBean(Ljava/lang/String;Lorg/springframework/beans/factory/support/RootBeanDefinition;[Ljava/lang/Object;)Ljava/lang/Object;+494
j  org.springframework.beans.factory.support.AbstractAutowireCapableBeanFactory.createBean(Ljava/lang/String;Lorg/springframework/beans/factory/support/RootBeanDefinition;[Ljava/lang/Object;)Ljava/lang/Object;+294
j  org.springframework.beans.factory.support.AbstractBeanFactory.lambda$doGetBean$0(Ljava/lang/String;Lorg/springframework/beans/factory/support/RootBeanDefinition;[Ljava/lang/Object;)Ljava/lang/Object;+9
j  org.springframework.beans.factory.support.AbstractBeanFactory$$Lambda$580.getObject()Ljava/lang/Object;+16
j  org.springframework.beans.factory.support.DefaultSingletonBeanRegistry.getSingleton(Ljava/lang/String;Lorg/springframework/beans/factory/ObjectFactory;)Ljava/lang/Object;+206
J 3958 c1 org.springframework.beans.factory.support.AbstractBeanFactory.doGetBean(Ljava/lang/String;Ljava/lang/Class;[Ljava/lang/Object;Z)Ljava/lang/Object; (1275 bytes) @ 0x000001bb628e1ea4 [0x000001bb628e13e0+0x0000000000000ac4]
j  org.springframework.beans.factory.support.AbstractBeanFactory.getBean(Ljava/lang/String;)Ljava/lang/Object;+9
j  org.springframework.context.support.AbstractApplicationContext.getBean(Ljava/lang/String;)Ljava/lang/Object;+19
j  org.springframework.context.support.AbstractApplicationContext.finishBeanFactoryInitialization(Lorg/springframework/beans/factory/config/ConfigurableListableBeanFactory;)V+182
j  org.springframework.context.support.AbstractApplicationContext.refresh()V+166
j  org.springframework.boot.SpringApplication.refresh(Lorg/springframework/context/ConfigurableApplicationContext;)V+5
j  org.springframework.boot.SpringApplication.refresh(Lorg/springframework/context/ApplicationContext;)V+22
j  org.springframework.boot.SpringApplication.refreshContext(Lorg/springframework/context/ConfigurableApplicationContext;)V+46
j  org.springframework.boot.SpringApplication.run([Ljava/lang/String;)Lorg/springframework/context/ConfigurableApplicationContext;+184
j  org.springframework.boot.test.context.SpringBootContextLoader.loadContext(Lorg/springframework/test/context/MergedContextConfiguration;)Lorg/springframework/context/ApplicationContext;+473
j  org.springframework.test.context.cache.DefaultCacheAwareContextLoaderDelegate.loadContextInternal(Lorg/springframework/test/context/MergedContextConfiguration;)Lorg/springframework/context/ApplicationContext;+39
j  org.springframework.test.context.cache.DefaultCacheAwareContextLoaderDelegate.loadContext(Lorg/springframework/test/context/MergedContextConfiguration;)Lorg/springframework/context/ApplicationContext;+40
j  org.springframework.test.context.support.DefaultTestContext.getApplicationContext()Lorg/springframework/context/ApplicationContext;+12
j  org.springframework.test.context.web.ServletTestExecutionListener.setUpRequestContextIfNecessary(Lorg/springframework/test/context/TestContext;)V+40
j  org.springframework.test.context.web.ServletTestExecutionListener.prepareTestInstance(Lorg/springframework/test/context/TestContext;)V+6
j  org.springframework.test.context.TestContextManager.prepareTestInstance(Ljava/lang/Object;)V+128
j  org.springframework.test.context.junit.jupiter.SpringExtension.postProcessTestInstance(Ljava/lang/Object;Lorg/junit/jupiter/api/extension/ExtensionContext;)V+18
j  org.junit.jupiter.engine.descriptor.ClassBasedTestDescriptor.lambda$invokeTestInstancePostProcessors$6(Lorg/junit/jupiter/api/extension/TestInstancePostProcessor;Ljava/lang/Object;Lorg/junit/jupiter/api/extension/ExtensionContext;)V+7
j  org.junit.jupiter.engine.descriptor.ClassBasedTestDescriptor$$Lambda$429.execute()V+12
j  org.junit.jupiter.engine.descriptor.ClassBasedTestDescriptor.executeAndMaskThrowable(Lorg/junit/jupiter/api/function/Executable;)V+5
j  org.junit.jupiter.engine.descriptor.ClassBasedTestDescriptor.lambda$invokeTestInstancePostProcessors$7(Ljava/lang/Object;Lorg/junit/jupiter/api/extension/ExtensionContext;Lorg/junit/jupiter/api/extension/TestInstancePostProcessor;)V+14
j  org.junit.jupiter.engine.descriptor.ClassBasedTestDescriptor$$Lambda$428.accept(Ljava/lang/Object;)V+16
j  java.util.stream.StreamSpliterators$WrappingSpliterator$$Lambda$37.accept(Ljava/lang/Object;)V+5 java.base@14.0.2
J 1949 c1 java.util.stream.ReferencePipeline$3$1.accept(Ljava/lang/Object;)V java.base@14.0.2 (23 bytes) @ 0x000001bb62c6df34 [0x000001bb62c6dd40+0x00000000000001f4]
J 106 c1 java.util.stream.ReferencePipeline$2$1.accept(Ljava/lang/Object;)V java.base@14.0.2 (27 bytes) @ 0x000001bb627ae5fc [0x000001bb627ae3c0+0x000000000000023c]
j  java.util.ArrayList$ArrayListSpliterator.forEachRemaining(Ljava/util/function/Consumer;)V+95 java.base@14.0.2
j  java.util.stream.AbstractPipeline.copyInto(Ljava/util/stream/Sink;Ljava/util/Spliterator;)V+32 java.base@14.0.2
j  java.util.stream.AbstractPipeline.wrapAndCopyInto(Ljava/util/stream/Sink;Ljava/util/Spliterator;)Ljava/util/stream/Sink;+13 java.base@14.0.2
j  java.util.stream.StreamSpliterators$WrappingSpliterator.forEachRemaining(Ljava/util/function/Consumer;)V+42 java.base@14.0.2
j  java.util.stream.Streams$ConcatSpliterator.forEachRemaining(Ljava/util/function/Consumer;)V+22 java.base@14.0.2
j  java.util.stream.Streams$ConcatSpliterator.forEachRemaining(Ljava/util/function/Consumer;)V+12 java.base@14.0.2
j  java.util.stream.ReferencePipeline$Head.forEach(Ljava/util/function/Consumer;)V+12 java.base@14.0.2
j  org.junit.jupiter.engine.descriptor.ClassBasedTestDescriptor.invokeTestInstancePostProcessors(Ljava/lang/Object;Lorg/junit/jupiter/engine/extension/ExtensionRegistry;Lorg/junit/jupiter/api/extension/ExtensionContext;)V+21
j  org.junit.jupiter.engine.descriptor.ClassBasedTestDescriptor.lambda$instantiateAndPostProcessTestInstance$4(Lorg/junit/jupiter/api/extension/TestInstances;Lorg/junit/jupiter/engine/extension/ExtensionRegistry;Lorg/junit/jupiter/api/extension/ExtensionContext;Lorg/junit/jupiter/engine/extension/ExtensionRegistrar;)V+14
j  org.junit.jupiter.engine.descriptor.ClassBasedTestDescriptor$$Lambda$427.execute()V+20
j  org.junit.platform.engine.support.hierarchical.ThrowableCollector.execute(Lorg/junit/platform/engine/support/hierarchical/ThrowableCollector$Executable;)V+5
j  org.junit.jupiter.engine.descriptor.ClassBasedTestDescriptor.instantiateAndPostProcessTestInstance(Lorg/junit/jupiter/engine/execution/JupiterEngineExecutionContext;Lorg/junit/jupiter/api/extension/ExtensionContext;Lorg/junit/jupiter/engine/extension/ExtensionRegistry;Lorg/junit/jupiter/engine/extension/ExtensionRegistrar;Lorg/junit/platform/engine/support/hierarchical/ThrowableCollector;)Lorg/junit/jupiter/api/extension/TestInstances;+38
j  org.junit.jupiter.engine.descriptor.ClassBasedTestDescriptor.lambda$testInstancesProvider$2(Lorg/junit/jupiter/engine/execution/JupiterEngineExecutionContext;Lorg/junit/jupiter/engine/descriptor/ClassExtensionContext;Lorg/junit/jupiter/engine/extension/ExtensionRegistry;Lorg/junit/jupiter/engine/extension/ExtensionRegistrar;Lorg/junit/platform/engine/support/hierarchical/ThrowableCollector;)Lorg/junit/jupiter/api/extension/TestInstances;+13
j  org.junit.jupiter.engine.descriptor.ClassBasedTestDescriptor$$Lambda$420.get()Ljava/lang/Object;+24
j  java.util.Optional.orElseGet(Ljava/util/function/Supplier;)Ljava/lang/Object;+15 java.base@14.0.2
j  org.junit.jupiter.engine.descriptor.ClassBasedTestDescriptor.lambda$testInstancesProvider$3(Lorg/junit/jupiter/engine/descriptor/ClassExtensionContext;Lorg/junit/jupiter/engine/execution/JupiterEngineExecutionContext;Lorg/junit/jupiter/engine/extension/ExtensionRegistry;Lorg/junit/jupiter/engine/extension/ExtensionRegistrar;Lorg/junit/platform/engine/support/hierarchical/ThrowableCollector;)Lorg/junit/jupiter/api/extension/TestInstances;+22
j  org.junit.jupiter.engine.descriptor.ClassBasedTestDescriptor$$Lambda$316.getTestInstances(Lorg/junit/jupiter/engine/extension/ExtensionRegistry;Lorg/junit/jupiter/engine/extension/ExtensionRegistrar;Lorg/junit/platform/engine/support/hierarchical/ThrowableCollector;)Lorg/junit/jupiter/api/extension/TestInstances;+15
j  org.junit.jupiter.engine.execution.TestInstancesProvider.getTestInstances(Lorg/junit/jupiter/engine/extension/MutableExtensionRegistry;Lorg/junit/platform/engine/support/hierarchical/ThrowableCollector;)Lorg/junit/jupiter/api/extension/TestInstances;+8
j  org.junit.jupiter.engine.descriptor.TestMethodTestDescriptor.lambda$prepare$0(Lorg/junit/jupiter/engine/execution/JupiterEngineExecutionContext;Lorg/junit/jupiter/engine/extension/MutableExtensionRegistry;Lorg/junit/platform/engine/support/hierarchical/ThrowableCollector;Lorg/junit/jupiter/engine/descriptor/MethodExtensionContext;)V+11
j  org.junit.jupiter.engine.descriptor.TestMethodTestDescriptor$$Lambda$419.execute()V+16
j  org.junit.platform.engine.support.hierarchical.ThrowableCollector.execute(Lorg/junit/platform/engine/support/hierarchical/ThrowableCollector$Executable;)V+5
j  org.junit.jupiter.engine.descriptor.TestMethodTestDescriptor.prepare(Lorg/junit/jupiter/engine/execution/JupiterEngineExecutionContext;)Lorg/junit/jupiter/engine/execution/JupiterEngineExecutionContext;+69
j  org.junit.jupiter.engine.descriptor.TestMethodTestDescriptor.prepare(Lorg/junit/platform/engine/support/hierarchical/EngineExecutionContext;)Lorg/junit/platform/engine/support/hierarchical/EngineExecutionContext;+9
j  org.junit.platform.engine.support.hierarchical.NodeTestTask.lambda$prepare$1()V+13
j  org.junit.platform.engine.support.hierarchical.NodeTestTask$$Lambda$262.execute()V+4
j  org.junit.platform.engine.support.hierarchical.ThrowableCollector.execute(Lorg/junit/platform/engine/support/hierarchical/ThrowableCollector$Executable;)V+5
j  org.junit.platform.engine.support.hierarchical.NodeTestTask.prepare()V+14
j  org.junit.platform.engine.support.hierarchical.NodeTestTask.execute()V+25
j  org.junit.platform.engine.support.hierarchical.SameThreadHierarchicalTestExecutorService$$Lambda$284.accept(Ljava/lang/Object;)V+4
j  java.util.ArrayList.forEach(Ljava/util/function/Consumer;)V+46 java.base@14.0.2
j  org.junit.platform.engine.support.hierarchical.SameThreadHierarchicalTestExecutorService.invokeAll(Ljava/util/List;)V+10
j  org.junit.platform.engine.support.hierarchical.NodeTestTask.lambda$executeRecursively$5()V+168
j  org.junit.platform.engine.support.hierarchical.NodeTestTask$$Lambda$280.execute()V+4
j  org.junit.platform.engine.support.hierarchical.ThrowableCollector.execute(Lorg/junit/platform/engine/support/hierarchical/ThrowableCollector$Executable;)V+5
j  org.junit.platform.engine.support.hierarchical.NodeTestTask.lambda$executeRecursively$7(Lorg/junit/platform/engine/support/hierarchical/EngineExecutionContext;)V+24
j  org.junit.platform.engine.support.hierarchical.NodeTestTask$$Lambda$279.invoke(Lorg/junit/platform/engine/support/hierarchical/EngineExecutionContext;)V+5
j  org.junit.platform.engine.support.hierarchical.Node.around(Lorg/junit/platform/engine/support/hierarchical/EngineExecutionContext;Lorg/junit/platform/engine/support/hierarchical/Node$Invocation;)V+6
j  org.junit.platform.engine.support.hierarchical.NodeTestTask.lambda$executeRecursively$8()V+18
j  org.junit.platform.engine.support.hierarchical.NodeTestTask$$Lambda$278.execute()V+4
j  org.junit.platform.engine.support.hierarchical.ThrowableCollector.execute(Lorg/junit/platform/engine/support/hierarchical/ThrowableCollector$Executable;)V+5
j  org.junit.platform.engine.support.hierarchical.NodeTestTask.executeRecursively()V+40
j  org.junit.platform.engine.support.hierarchical.NodeTestTask.execute()V+107
j  org.junit.platform.engine.support.hierarchical.SameThreadHierarchicalTestExecutorService$$Lambda$284.accept(Ljava/lang/Object;)V+4
j  java.util.ArrayList.forEach(Ljava/util/function/Consumer;)V+46 java.base@14.0.2
j  org.junit.platform.engine.support.hierarchical.SameThreadHierarchicalTestExecutorService.invokeAll(Ljava/util/List;)V+10
j  org.junit.platform.engine.support.hierarchical.NodeTestTask.lambda$executeRecursively$5()V+168
j  org.junit.platform.engine.support.hierarchical.NodeTestTask$$Lambda$280.execute()V+4
j  org.junit.platform.engine.support.hierarchical.ThrowableCollector.execute(Lorg/junit/platform/engine/support/hierarchical/ThrowableCollector$Executable;)V+5
j  org.junit.platform.engine.support.hierarchical.NodeTestTask.lambda$executeRecursively$7(Lorg/junit/platform/engine/support/hierarchical/EngineExecutionContext;)V+24
j  org.junit.platform.engine.support.hierarchical.NodeTestTask$$Lambda$279.invoke(Lorg/junit/platform/engine/support/hierarchical/EngineExecutionContext;)V+5
j  org.junit.platform.engine.support.hierarchical.Node.around(Lorg/junit/platform/engine/support/hierarchical/EngineExecutionContext;Lorg/junit/platform/engine/support/hierarchical/Node$Invocation;)V+6
j  org.junit.platform.engine.support.hierarchical.NodeTestTask.lambda$executeRecursively$8()V+18
j  org.junit.platform.engine.support.hierarchical.NodeTestTask$$Lambda$278.execute()V+4
j  org.junit.platform.engine.support.hierarchical.ThrowableCollector.execute(Lorg/junit/platform/engine/support/hierarchical/ThrowableCollector$Executable;)V+5
j  org.junit.platform.engine.support.hierarchical.NodeTestTask.executeRecursively()V+40
j  org.junit.platform.engine.support.hierarchical.NodeTestTask.execute()V+107
j  org.junit.platform.engine.support.hierarchical.SameThreadHierarchicalTestExecutorService.submit(Lorg/junit/platform/engine/support/hierarchical/HierarchicalTestExecutorService$TestTask;)Ljava/util/concurrent/Future;+5
j  org.junit.platform.engine.support.hierarchical.HierarchicalTestExecutor.execute()Ljava/util/concurrent/Future;+105
j  org.junit.platform.engine.support.hierarchical.HierarchicalTestEngine.execute(Lorg/junit/platform/engine/ExecutionRequest;)V+53
j  org.junit.platform.launcher.core.EngineExecutionOrchestrator.execute(Lorg/junit/platform/engine/TestDescriptor;Lorg/junit/platform/engine/EngineExecutionListener;Lorg/junit/platform/engine/ConfigurationParameters;Lorg/junit/platform/engine/TestEngine;)V+35
j  org.junit.platform.launcher.core.EngineExecutionOrchestrator.execute(Lorg/junit/platform/launcher/core/LauncherDiscoveryResult;Lorg/junit/platform/engine/EngineExecutionListener;)V+123
j  org.junit.platform.launcher.core.EngineExecutionOrchestrator.lambda$execute$0(Lorg/junit/platform/launcher/core/InternalTestPlan;Lorg/junit/platform/launcher/core/LauncherDiscoveryResult;Lorg/junit/platform/launcher/TestExecutionListener;)V+29
j  org.junit.platform.launcher.core.EngineExecutionOrchestrator$$Lambda$239.accept(Ljava/lang/Object;)V+16
j  org.junit.platform.launcher.core.EngineExecutionOrchestrator.withInterceptedStreams(Lorg/junit/platform/engine/ConfigurationParameters;Lorg/junit/platform/launcher/core/TestExecutionListenerRegistry;Ljava/util/function/Consumer;)V+72
j  org.junit.platform.launcher.core.EngineExecutionOrchestrator.execute(Lorg/junit/platform/launcher/core/InternalTestPlan;[Lorg/junit/platform/launcher/TestExecutionListener;)V+58
j  org.junit.platform.launcher.core.DefaultLauncher.execute(Lorg/junit/platform/launcher/core/InternalTestPlan;[Lorg/junit/platform/launcher/TestExecutionListener;)V+10
j  org.junit.platform.launcher.core.DefaultLauncher.execute(Lorg/junit/platform/launcher/LauncherDiscoveryRequest;[Lorg/junit/platform/launcher/TestExecutionListener;)V+52
j  org.gradle.api.internal.tasks.testing.junitplatform.JUnitPlatformTestClassProcessor$CollectAllTestClassesExecutor.processAllTestClasses()V+72
j  org.gradle.api.internal.tasks.testing.junitplatform.JUnitPlatformTestClassProcessor$CollectAllTestClassesExecutor.access$000(Lorg/gradle/api/internal/tasks/testing/junitplatform/JUnitPlatformTestClassProcessor$CollectAllTestClassesExecutor;)V+5
j  org.gradle.api.internal.tasks.testing.junitplatform.JUnitPlatformTestClassProcessor.stop()V+8
j  org.gradle.api.internal.tasks.testing.SuiteTestClassProcessor.stop()V+8
v  ~StubRoutines::call_stub
j  jdk.internal.reflect.NativeMethodAccessorImpl.invoke0(Ljava/lang/reflect/Method;Ljava/lang/Object;[Ljava/lang/Object;)Ljava/lang/Object;+0 java.base@14.0.2
j  jdk.internal.reflect.NativeMethodAccessorImpl.invoke(Ljava/lang/Object;[Ljava/lang/Object;)Ljava/lang/Object;+100 java.base@14.0.2
j  jdk.internal.reflect.DelegatingMethodAccessorImpl.invoke(Ljava/lang/Object;[Ljava/lang/Object;)Ljava/lang/Object;+6 java.base@14.0.2
j  java.lang.reflect.Method.invoke(Ljava/lang/Object;[Ljava/lang/Object;)Ljava/lang/Object;+59 java.base@14.0.2
j  org.gradle.internal.dispatch.ReflectionDispatch.dispatch(Lorg/gradle/internal/dispatch/MethodInvocation;)V+31
j  org.gradle.internal.dispatch.ReflectionDispatch.dispatch(Ljava/lang/Object;)V+9
j  org.gradle.internal.dispatch.ContextClassLoaderDispatch.dispatch(Ljava/lang/Object;)V+34
j  org.gradle.internal.dispatch.ProxyDispatchAdapter$DispatchingInvocationHandler.invoke(Ljava/lang/Object;Ljava/lang/reflect/Method;[Ljava/lang/Object;)Ljava/lang/Object;+288
j  com.sun.proxy.$Proxy5.stop()V+9
j  org.gradle.api.internal.tasks.testing.worker.TestWorker.stop()V+21
v  ~StubRoutines::call_stub
j  jdk.internal.reflect.NativeMethodAccessorImpl.invoke0(Ljava/lang/reflect/Method;Ljava/lang/Object;[Ljava/lang/Object;)Ljava/lang/Object;+0 java.base@14.0.2
j  jdk.internal.reflect.NativeMethodAccessorImpl.invoke(Ljava/lang/Object;[Ljava/lang/Object;)Ljava/lang/Object;+100 java.base@14.0.2
j  jdk.internal.reflect.DelegatingMethodAccessorImpl.invoke(Ljava/lang/Object;[Ljava/lang/Object;)Ljava/lang/Object;+6 java.base@14.0.2
j  java.lang.reflect.Method.invoke(Ljava/lang/Object;[Ljava/lang/Object;)Ljava/lang/Object;+59 java.base@14.0.2
j  org.gradle.internal.dispatch.ReflectionDispatch.dispatch(Lorg/gradle/internal/dispatch/MethodInvocation;)V+31
j  org.gradle.internal.dispatch.ReflectionDispatch.dispatch(Ljava/lang/Object;)V+9
j  org.gradle.internal.remote.internal.hub.MessageHubBackedObjectConnection$DispatchWrapper.dispatch(Lorg/gradle/internal/dispatch/MethodInvocation;)V+9
j  org.gradle.internal.remote.internal.hub.MessageHubBackedObjectConnection$DispatchWrapper.dispatch(Ljava/lang/Object;)V+9
j  org.gradle.internal.remote.internal.hub.MessageHub$Handler.run()V+245
j  org.gradle.internal.concurrent.ExecutorPolicy$CatchAndRecordFailures.onExecute(Ljava/lang/Runnable;)V+5
j  org.gradle.internal.concurrent.ManagedExecutorImpl$1.run()V+33
j  java.util.concurrent.ThreadPoolExecutor.runWorker(Ljava/util/concurrent/ThreadPoolExecutor$Worker;)V+92 java.base@14.0.2
j  java.util.concurrent.ThreadPoolExecutor$Worker.run()V+5 java.base@14.0.2
j  org.gradle.internal.concurrent.ThreadFactoryImpl$ManagedThreadRunnable.run()V+15
j  java.lang.Thread.run()V+11 java.base@14.0.2
v  ~StubRoutines::call_stub

siginfo: EXCEPTION_ACCESS_VIOLATION (0xc0000005), reading address 0x0000000000000040


Register to memory mapping:

RIP=0x00007ffef28d47ff jvm.dll
RAX=0x0 is NULL
RBX=0x0000006fef8f6e78 is pointing into the stack for thread: 0x000001bb75bc9000
RCX=0x000000000000000e is an unknown value
RDX=0x0 is NULL
RSP=0x0000006fef8f6da0 is pointing into the stack for thread: 0x000001bb75bc9000
RBP=0x0000000800410960 is pointing into metadata
RSI=0x000001bb7dfd4010 is pointing into metadata
RDI=0x000001bb7812b630 points into unknown readable memory: 0e 00 00 00 14 00 00 00
R8 =0x000001bb7812b6f0 points into unknown readable memory: 10 38 fd 7d bb 01 00 00
R9 =0x0 is NULL
R10=0x0 is NULL
R11=0x000000000000000e is an unknown value
R12=0x0000000000000085 is an unknown value
R13=0x00000008000104b0 is a pointer to class: 
java.lang.Object {0x00000008000104b8}
R14={method} {0x000001bb7dfd6058} 
[error occurred during error reporting (printing register info), id 0xc0000005, EXCEPTION_ACCESS_VIOLATION (0xc0000005) at pc=0x00007ffef29b0b03]

Registers:
RAX=0x0000000000000000, RBX=0x0000006fef8f6e78, RCX=0x000000000000000e, RDX=0x0000000000000000
RSP=0x0000006fef8f6da0, RBP=0x0000000800410960, RSI=0x000001bb7dfd4010, RDI=0x000001bb7812b630
R8 =0x000001bb7812b6f0, R9 =0x0000000000000000, R10=0x0000000000000000, R11=0x000000000000000e
R12=0x0000000000000085, R13=0x00000008000104b0, R14=0x000001bb7dfd6050, R15=0x000001bb7dfd27c8
RIP=0x00007ffef28d47ff, EFLAGS=0x0000000000010202

Top of Stack: (sp=0x0000006fef8f6da0)
0x0000006fef8f6da0:   0000006fef8f6e78 0000000800410960
0x0000006fef8f6db0:   000001bb7dfd60a8 0000000000000000
0x0000006fef8f6dc0:   0000000000000001 0000000000000000
0x0000006fef8f6dd0:   000001bb773ec010 00007fff3af914cb
0x0000006fef8f6de0:   0000000000000001 0000000801156540
0x0000006fef8f6df0:   0000006fef8f7230 0000006fef8f7238
0x0000006fef8f6e00:   0000000000000000 000001bb7e0755e0
0x0000006fef8f6e10:   0000000000000001 00007ffef28d42ab
0x0000006fef8f6e20:   000001bb7812b630 00000008000104b0
0x0000006fef8f6e30:   0000000000000005 000001bb7e0755e0
0x0000006fef8f6e40:   0000000000000000 000001bb7e0755b8
0x0000006fef8f6e50:   000001bb75bc9001 00007ffef2acdcce
0x0000006fef8f6e60:   0000000000000000 000001bb7e0756e0
0x0000006fef8f6e70:   000001bb75bc9000 000000140000000e
0x0000006fef8f6e80:   0000000000000000 00007ffe00000008
0x0000006fef8f6e90:   000001bb7812b6f0 000001bb75bc9000 

Instructions: (pc=0x00007ffef28d47ff)
0x00007ffef28d46ff:   3c c6 e8 aa 33 e5 ff 48 8d 4c 24 40 0f b6 f8 e8
0x00007ffef28d470f:   8d ee e2 ff 40 84 ff 75 3e 48 8b 6d 78 49 8b cc
0x00007ffef28d471f:   48 85 ed 0f 85 b8 fe ff ff 33 c0 4c 8b 7c 24 50
0x00007ffef28d472f:   48 8b bc 24 90 00 00 00 48 8b b4 24 88 00 00 00
0x00007ffef28d473f:   48 8b 9c 24 80 00 00 00 4c 8b 74 24 58 48 83 c4
0x00007ffef28d474f:   60 41 5d 41 5c 5d c3 48 8b c5 eb cf 48 8b c2 48
0x00007ffef28d475f:   83 c4 60 41 5d 41 5c 5d c3 cc cc cc cc cc cc cc
0x00007ffef28d476f:   cc 4c 8b dc 4d 89 4b 20 53 57 41 55 41 57 48 83
0x00007ffef28d477f:   ec 58 48 8b 84 24 a8 00 00 00 4d 8b e8 48 8b fa
0x00007ffef28d478f:   48 8b d9 4c 63 38 4c 89 7c 24 40 4d 85 ff 0f 8e
0x00007ffef28d479f:   52 03 00 00 49 89 6b 08 49 89 73 10 4d 89 63 18
0x00007ffef28d47af:   4d 89 73 d8 4c 8d 70 08 4c 89 b4 24 a8 00 00 00
0x00007ffef28d47bf:   90 49 8b 06 48 89 44 24 48 48 8b 80 a8 01 00 00
0x00007ffef28d47cf:   4c 63 20 4d 85 e4 0f 8e 70 02 00 00 4c 8d 78 08
0x00007ffef28d47df:   90 48 63 0b 33 d2 4d 8b 37 85 c9 7e 5e 49 8b 76
0x00007ffef28d47ef:   08 4c 8b d9 4c 8b 43 18 4c 8b 56 08 0f b7 46 2a
0x00007ffef28d47ff:   49 8b 6c c2 40 0f 1f 40 00 0f 1f 84 00 00 00 00
0x00007ffef28d480f:   00 49 8b 00 48 8b 48 08 4c 8b 49 08 0f b7 41 2a
0x00007ffef28d481f:   49 3b 6c c1 40 75 18 0f b7 41 2c 0f b7 4e 2c 49
0x00007ffef28d482f:   8b 44 c1 40 49 39 44 ca 40 0f 84 ea 01 00 00 48
0x00007ffef28d483f:   ff c2 49 83 c0 08 49 3b d3 7c c6 0f b6 84 24 b0
0x00007ffef28d484f:   00 00 00 4d 8b cd 4c 8b 84 24 a0 00 00 00 49 8b
0x00007ffef28d485f:   ce 48 8b 94 24 98 00 00 00 88 44 24 20 e8 cf 12
0x00007ffef28d486f:   00 00 84 c0 0f 84 af 01 00 00 49 8b 4e 08 45 33
0x00007ffef28d487f:   c9 48 8b 51 08 0f b7 41 2c 4c 8b 44 c2 40 0f b7
0x00007ffef28d488f:   41 2a 49 8b cd 48 8b 54 c2 40 e8 02 3d e5 ff 48
0x00007ffef28d489f:   85 c0 0f 85 bd 00 00 00 8b 13 3b 53 04 0f 85 a2
0x00007ffef28d48af:   00 00 00 83 c2 01 8b ca 74 09 48 8d 42 ff 48 85
0x00007ffef28d48bf:   c1 74 18 0f bd c2 ba 1f 00 00 00 b9 20 00 00 00
0x00007ffef28d48cf:   2b d0 2a ca ba 01 00 00 00 d3 e2 89 53 04 48 8b
0x00007ffef28d48df:   cb ba 08 00 00 00 e8 b6 e5 e2 ff 33 c9 48 8b f0
0x00007ffef28d48ef:   39 0b 7e 25 45 33 c9 66 66 0f 1f 84 00 00 00 00 


Stack slot to memory mapping:
stack at sp + 0 slots: 0x0000006fef8f6e78 is pointing into the stack for thread: 0x000001bb75bc9000
stack at sp + 1 slots: 0x0000000800410960 is pointing into metadata
stack at sp + 2 slots: 0x000001bb7dfd60a8 is pointing into metadata
stack at sp + 3 slots: 0x0 is NULL
stack at sp + 4 slots: 0x0000000000000001 is an unknown value
stack at sp + 5 slots: 0x0 is NULL
stack at sp + 6 slots: 0x000001bb773ec010 points into unknown readable memory: 00 90 bc 75 bb 01 00 00
stack at sp + 7 slots: 0x00007fff3af914cb ucrtbase.dll


---------------  P R O C E S S  ---------------

Threads class SMR info:
_java_thread_list=0x000001bb7adecc00, length=17, elements={
0x000001bb5828e800, 0x000001bb75166800, 0x000001bb75168800, 0x000001bb75184000,
0x000001bb75187800, 0x000001bb7518a000, 0x000001bb75aa2000, 0x000001bb75aa7800,
0x000001bb75aab800, 0x000001bb75bcc800, 0x000001bb75bce000, 0x000001bb76b34000,
0x000001bb75bc9000, 0x000001bb75bcf000, 0x000001bb75bcb800, 0x000001bb75bcf800,
0x000001bb75bca000
}

Java Threads: ( => current thread )
  0x000001bb5828e800 JavaThread "main" [_thread_blocked, id=20820, stack(0x0000006fee100000,0x0000006fee200000)]
  0x000001bb75166800 JavaThread "Reference Handler" daemon [_thread_blocked, id=14716, stack(0x0000006fee800000,0x0000006fee900000)]
  0x000001bb75168800 JavaThread "Finalizer" daemon [_thread_blocked, id=22420, stack(0x0000006fee900000,0x0000006feea00000)]
  0x000001bb75184000 JavaThread "Signal Dispatcher" daemon [_thread_blocked, id=19824, stack(0x0000006feea00000,0x0000006feeb00000)]
  0x000001bb75187800 JavaThread "Attach Listener" daemon [_thread_blocked, id=15936, stack(0x0000006feeb00000,0x0000006feec00000)]
  0x000001bb7518a000 JavaThread "Service Thread" daemon [_thread_blocked, id=12972, stack(0x0000006feec00000,0x0000006feed00000)]
  0x000001bb75aa2000 JavaThread "C2 CompilerThread0" daemon [_thread_blocked, id=3120, stack(0x0000006feed00000,0x0000006feee00000)]
  0x000001bb75aa7800 JavaThread "C1 CompilerThread0" daemon [_thread_blocked, id=21276, stack(0x0000006feee00000,0x0000006feef00000)]
  0x000001bb75aab800 JavaThread "Sweeper thread" daemon [_thread_blocked, id=22164, stack(0x0000006feef00000,0x0000006fef000000)]
  0x000001bb75bcc800 JavaThread "Common-Cleaner" daemon [_thread_blocked, id=20740, stack(0x0000006fef000000,0x0000006fef100000)]
  0x000001bb75bce000 JavaThread "Notification Thread" daemon [_thread_blocked, id=14724, stack(0x0000006fef100000,0x0000006fef200000)]
  0x000001bb76b34000 JavaThread "C2 CompilerThread1" daemon [_thread_blocked, id=23332, stack(0x0000006fef600000,0x0000006fef700000)]
=>0x000001bb75bc9000 JavaThread "Test worker" [_thread_in_vm, id=20248, stack(0x0000006fef800000,0x0000006fef900000)]
  0x000001bb75bcf000 JavaThread "/127.0.0.1:49636 to /127.0.0.1:49635 workers Thread 2" [_thread_blocked, id=19380, stack(0x0000006fef900000,0x0000006fefa00000)]
  0x000001bb75bcb800 JavaThread "/127.0.0.1:49636 to /127.0.0.1:49635 workers Thread 3" [_thread_in_native, id=8968, stack(0x0000006fefa00000,0x0000006fefb00000)]
  0x000001bb75bcf800 JavaThread "HikariPool-1 housekeeper" daemon [_thread_blocked, id=1580, stack(0x0000006fefb00000,0x0000006fefc00000)]
  0x000001bb75bca000 JavaThread "HikariPool-1 connection adder" daemon [_thread_blocked, id=3340, stack(0x0000006fefc00000,0x0000006fefd00000)]

Other Threads:
  0x000001bb75161800 VMThread "VM Thread" [stack: 0x0000006fee700000,0x0000006fee800000] [id=17412]
  0x000001bb762e8800 WatcherThread [stack: 0x0000006fef200000,0x0000006fef300000] [id=23396]
  0x000001bb582b7800 GCTaskThread "GC Thread#0" [stack: 0x0000006fee200000,0x0000006fee300000] [id=22864]
  0x000001bb76a47000 GCTaskThread "GC Thread#1" [stack: 0x0000006fef300000,0x0000006fef400000] [id=8352]
  0x000001bb762a0000 GCTaskThread "GC Thread#2" [stack: 0x0000006fef400000,0x0000006fef500000] [id=22464]
  0x000001bb762a3000 GCTaskThread "GC Thread#3" [stack: 0x0000006fef500000,0x0000006fef600000] [id=2776]
  0x000001bb582bd000 ConcurrentGCThread "G1 Main Marker" [stack: 0x0000006fee300000,0x0000006fee400000] [id=7320]
  0x000001bb5816c000 ConcurrentGCThread "G1 Conc#0" [stack: 0x0000006fee400000,0x0000006fee500000] [id=18500]
  0x000001bb5834e000 ConcurrentGCThread "G1 Refine#0" [stack: 0x0000006fee500000,0x0000006fee600000] [id=23192]
  0x000001bb74fe0800 ConcurrentGCThread "G1 Young RemSet Sampling" [stack: 0x0000006fee600000,0x0000006fee700000] [id=19204]

Threads with active compile tasks:

VM state:not at safepoint (normal execution)

VM Mutex/Monitor currently owned by a thread: None

Heap address: 0x00000000e0000000, size: 512 MB, Compressed Oops mode: 32-bit
Narrow klass base: 0x0000000800000000, Narrow klass shift: 3
Compressed class space size: 1073741824 Address: 0x0000000800b30000

Heap:
 garbage-first heap   total 58368K, used 40962K [0x00000000e0000000, 0x0000000100000000)
  region size 1024K, 23 young (23552K), 3 survivors (3072K)
 Metaspace       used 49389K, capacity 50753K, committed 50944K, reserved 1093632K
  class space    used 5878K, capacity 6389K, committed 6400K, reserved 1048576K
Heap Regions: E=young(eden), S=young(survivor), O=old, HS=humongous(starts), HC=humongous(continues), CS=collection set, F=free, OA=open archive, CA=closed archive, TAMS=top-at-mark-start (previous, next)
|   0|0x00000000e0000000, 0x00000000e0100000, 0x00000000e0100000|100%|HS|  |TAMS 0x00000000e0100000, 0x00000000e0000000| Complete 
|   1|0x00000000e0100000, 0x00000000e0200000, 0x00000000e0200000|100%| O|  |TAMS 0x00000000e0200000, 0x00000000e0100000| Untracked 
|   2|0x00000000e0200000, 0x00000000e0300000, 0x00000000e0300000|100%| O|  |TAMS 0x00000000e0300000, 0x00000000e0200000| Untracked 
|   3|0x00000000e0300000, 0x00000000e0400000, 0x00000000e0400000|100%| O|  |TAMS 0x00000000e0400000, 0x00000000e0300000| Untracked 
|   4|0x00000000e0400000, 0x00000000e0500000, 0x00000000e0500000|100%| O|  |TAMS 0x00000000e0500000, 0x00000000e0400000| Untracked 
|   5|0x00000000e0500000, 0x00000000e05dd200, 0x00000000e0600000| 86%| O|  |TAMS 0x00000000e05dd200, 0x00000000e0500000| Untracked 
|   6|0x00000000e0600000, 0x00000000e0700000, 0x00000000e0700000|100%| O|  |TAMS 0x00000000e0700000, 0x00000000e0600000| Untracked 
|   7|0x00000000e0700000, 0x00000000e0800000, 0x00000000e0800000|100%| O|  |TAMS 0x00000000e0800000, 0x00000000e0700000| Untracked 
|   8|0x00000000e0800000, 0x00000000e0900000, 0x00000000e0900000|100%| O|  |TAMS 0x00000000e0900000, 0x00000000e0800000| Untracked 
|   9|0x00000000e0900000, 0x00000000e0a00000, 0x00000000e0a00000|100%| O|  |TAMS 0x00000000e0a00000, 0x00000000e0900000| Untracked 
|  10|0x00000000e0a00000, 0x00000000e0b00000, 0x00000000e0b00000|100%| O|  |TAMS 0x00000000e0b00000, 0x00000000e0a00000| Untracked 
|  11|0x00000000e0b00000, 0x00000000e0c00000, 0x00000000e0c00000|100%| O|  |TAMS 0x00000000e0c00000, 0x00000000e0b00000| Untracked 
|  12|0x00000000e0c00000, 0x00000000e0d00000, 0x00000000e0d00000|100%| O|  |TAMS 0x00000000e0d00000, 0x00000000e0c00000| Untracked 
|  13|0x00000000e0d00000, 0x00000000e0e00000, 0x00000000e0e00000|100%| O|  |TAMS 0x00000000e0de8800, 0x00000000e0d00000| Untracked 
|  14|0x00000000e0e00000, 0x00000000e0f00000, 0x00000000e0f00000|100%| O|  |TAMS 0x00000000e0e00000, 0x00000000e0e00000| Untracked 
|  15|0x00000000e0f00000, 0x00000000e1000000, 0x00000000e1000000|100%| O|  |TAMS 0x00000000e0f00000, 0x00000000e0f00000| Untracked 
|  16|0x00000000e1000000, 0x00000000e1100000, 0x00000000e1100000|100%| O|  |TAMS 0x00000000e1000000, 0x00000000e1000000| Untracked 
|  17|0x00000000e1100000, 0x00000000e1200000, 0x00000000e1200000|100%| O|  |TAMS 0x00000000e1100000, 0x00000000e1100000| Untracked 
|  18|0x00000000e1200000, 0x00000000e1287000, 0x00000000e1300000| 52%| O|  |TAMS 0x00000000e1200000, 0x00000000e1200000| Untracked 
|  19|0x00000000e1300000, 0x00000000e1300000, 0x00000000e1400000|  0%| F|  |TAMS 0x00000000e1300000, 0x00000000e1300000| Untracked 
|  20|0x00000000e1400000, 0x00000000e1400000, 0x00000000e1500000|  0%| F|  |TAMS 0x00000000e1400000, 0x00000000e1400000| Untracked 
|  21|0x00000000e1500000, 0x00000000e1500000, 0x00000000e1600000|  0%| F|  |TAMS 0x00000000e1500000, 0x00000000e1500000| Untracked 
|  22|0x00000000e1600000, 0x00000000e1600000, 0x00000000e1700000|  0%| F|  |TAMS 0x00000000e1600000, 0x00000000e1600000| Untracked 
|  23|0x00000000e1700000, 0x00000000e1700000, 0x00000000e1800000|  0%| F|  |TAMS 0x00000000e1700000, 0x00000000e1700000| Untracked 
|  24|0x00000000e1800000, 0x00000000e189c840, 0x00000000e1900000| 61%| S|CS|TAMS 0x00000000e1800000, 0x00000000e1800000| Complete 
|  25|0x00000000e1900000, 0x00000000e1a00000, 0x00000000e1a00000|100%| S|CS|TAMS 0x00000000e1900000, 0x00000000e1900000| Complete 
|  26|0x00000000e1a00000, 0x00000000e1b00000, 0x00000000e1b00000|100%| S|CS|TAMS 0x00000000e1a00000, 0x00000000e1a00000| Complete 
|  27|0x00000000e1b00000, 0x00000000e1b00000, 0x00000000e1c00000|  0%| F|  |TAMS 0x00000000e1b00000, 0x00000000e1b00000| Untracked 
|  28|0x00000000e1c00000, 0x00000000e1c00000, 0x00000000e1d00000|  0%| F|  |TAMS 0x00000000e1c00000, 0x00000000e1c00000| Untracked 
|  29|0x00000000e1d00000, 0x00000000e1d00000, 0x00000000e1e00000|  0%| F|  |TAMS 0x00000000e1d00000, 0x00000000e1d00000| Untracked 
|  30|0x00000000e1e00000, 0x00000000e1e00000, 0x00000000e1f00000|  0%| F|  |TAMS 0x00000000e1e00000, 0x00000000e1e00000| Untracked 
|  31|0x00000000e1f00000, 0x00000000e1f00000, 0x00000000e2000000|  0%| F|  |TAMS 0x00000000e1f00000, 0x00000000e1f00000| Untracked 
|  32|0x00000000e2000000, 0x00000000e2000000, 0x00000000e2100000|  0%| F|  |TAMS 0x00000000e2000000, 0x00000000e2000000| Untracked 
|  33|0x00000000e2100000, 0x00000000e2100000, 0x00000000e2200000|  0%| F|  |TAMS 0x00000000e2100000, 0x00000000e2100000| Untracked 
|  34|0x00000000e2200000, 0x00000000e2200000, 0x00000000e2300000|  0%| F|  |TAMS 0x00000000e2200000, 0x00000000e2200000| Untracked 
|  35|0x00000000e2300000, 0x00000000e2300000, 0x00000000e2400000|  0%| F|  |TAMS 0x00000000e2300000, 0x00000000e2300000| Untracked 
|  36|0x00000000e2400000, 0x00000000e2400000, 0x00000000e2500000|  0%| F|  |TAMS 0x00000000e2400000, 0x00000000e2400000| Untracked 
|  37|0x00000000e2500000, 0x00000000e2600000, 0x00000000e2600000|100%| E|  |TAMS 0x00000000e2500000, 0x00000000e2500000| Complete 
|  38|0x00000000e2600000, 0x00000000e2700000, 0x00000000e2700000|100%| E|CS|TAMS 0x00000000e2600000, 0x00000000e2600000| Complete 
|  39|0x00000000e2700000, 0x00000000e2800000, 0x00000000e2800000|100%| E|CS|TAMS 0x00000000e2700000, 0x00000000e2700000| Complete 
|  40|0x00000000e2800000, 0x00000000e2900000, 0x00000000e2900000|100%| E|CS|TAMS 0x00000000e2800000, 0x00000000e2800000| Complete 
|  41|0x00000000e2900000, 0x00000000e2a00000, 0x00000000e2a00000|100%| E|CS|TAMS 0x00000000e2900000, 0x00000000e2900000| Complete 
|  42|0x00000000e2a00000, 0x00000000e2b00000, 0x00000000e2b00000|100%| E|CS|TAMS 0x00000000e2a00000, 0x00000000e2a00000| Complete 
|  43|0x00000000e2b00000, 0x00000000e2c00000, 0x00000000e2c00000|100%| E|CS|TAMS 0x00000000e2b00000, 0x00000000e2b00000| Complete 
|  44|0x00000000e2c00000, 0x00000000e2d00000, 0x00000000e2d00000|100%| E|CS|TAMS 0x00000000e2c00000, 0x00000000e2c00000| Complete 
|  45|0x00000000e2d00000, 0x00000000e2e00000, 0x00000000e2e00000|100%| E|CS|TAMS 0x00000000e2d00000, 0x00000000e2d00000| Complete 
|  46|0x00000000e2e00000, 0x00000000e2f00000, 0x00000000e2f00000|100%| E|CS|TAMS 0x00000000e2e00000, 0x00000000e2e00000| Complete 
|  47|0x00000000e2f00000, 0x00000000e3000000, 0x00000000e3000000|100%| E|CS|TAMS 0x00000000e2f00000, 0x00000000e2f00000| Complete 
| 129|0x00000000e8100000, 0x00000000e8200000, 0x00000000e8200000|100%| E|CS|TAMS 0x00000000e8100000, 0x00000000e8100000| Complete 
| 130|0x00000000e8200000, 0x00000000e8300000, 0x00000000e8300000|100%| E|CS|TAMS 0x00000000e8200000, 0x00000000e8200000| Complete 
| 131|0x00000000e8300000, 0x00000000e8400000, 0x00000000e8400000|100%| E|CS|TAMS 0x00000000e8300000, 0x00000000e8300000| Complete 
| 132|0x00000000e8400000, 0x00000000e8500000, 0x00000000e8500000|100%| E|CS|TAMS 0x00000000e8400000, 0x00000000e8400000| Complete 
| 133|0x00000000e8500000, 0x00000000e8600000, 0x00000000e8600000|100%| E|CS|TAMS 0x00000000e8500000, 0x00000000e8500000| Complete 
| 134|0x00000000e8600000, 0x00000000e8700000, 0x00000000e8700000|100%| E|CS|TAMS 0x00000000e8600000, 0x00000000e8600000| Complete 
| 135|0x00000000e8700000, 0x00000000e8800000, 0x00000000e8800000|100%| E|CS|TAMS 0x00000000e8700000, 0x00000000e8700000| Complete 
| 254|0x00000000efe00000, 0x00000000eff00000, 0x00000000eff00000|100%| E|CS|TAMS 0x00000000efe00000, 0x00000000efe00000| Complete 
| 255|0x00000000eff00000, 0x00000000f0000000, 0x00000000f0000000|100%| E|CS|TAMS 0x00000000eff00000, 0x00000000eff00000| Complete 

Card table byte_map: [0x000001bb71920000,0x000001bb71a20000] _byte_map_base: 0x000001bb71220000

Marking Bits (Prev, Next): (CMBitMap*) 0x000001bb582b84a8, (CMBitMap*) 0x000001bb582b84e8
 Prev Bits: [0x000001bb71b20000, 0x000001bb72320000)
 Next Bits: [0x000001bb72320000, 0x000001bb72b20000)

Polling page: 0x000001bb58350000

Metaspace:

Usage:
  Non-class:     43.32 MB capacity,    42.49 MB ( 98%) used,   692.48 KB (  2%) free+waste,   160.50 KB ( <1%) overhead. 
      Class:      6.24 MB capacity,     5.74 MB ( 92%) used,   434.98 KB (  7%) free+waste,    76.00 KB (  1%) overhead. 
       Both:     49.56 MB capacity,    48.23 MB ( 97%) used,     1.10 MB (  2%) free+waste,   236.50 KB ( <1%) overhead. 

Virtual space:
  Non-class space:       44.00 MB reserved,      43.50 MB ( 99%) committed 
      Class space:        1.00 GB reserved,       6.25 MB ( <1%) committed 
             Both:        1.04 GB reserved,      49.75 MB (  5%) committed 

Chunk freelists:
   Non-Class:  52.00 KB
       Class:  11.00 KB
        Both:  63.00 KB

MaxMetaspaceSize: 17179869184.00 GB
CompressedClassSpaceSize: 1.00 GB

CodeHeap 'non-profiled nmethods': size=120000Kb used=3237Kb max_used=3393Kb free=116762Kb
 bounds [0x000001bb69cc0000, 0x000001bb6a030000, 0x000001bb711f0000]
CodeHeap 'profiled nmethods': size=120000Kb used=8944Kb max_used=10555Kb free=111055Kb
 bounds [0x000001bb62790000, 0x000001bb631e0000, 0x000001bb69cc0000]
CodeHeap 'non-nmethods': size=5760Kb used=1284Kb max_used=1335Kb free=4475Kb
 bounds [0x000001bb621f0000, 0x000001bb62460000, 0x000001bb62790000]
 total_blobs=4720 nmethods=4152 adapters=480
 compilation: enabled
              stopped_count=0, restarted_count=0
 full_count=0

Compilation events (20 events):
Event: 12.170 Thread 0x000001bb75aa7800 5091       3       org.hibernate.annotations.common.reflection.java.generics.ApproximatingTypeEnvironment$1::$jacocoInit (52 bytes)
Event: 12.171 Thread 0x000001bb75aa7800 nmethod 5091 0x000001bb62cf7910 code [0x000001bb62cf7b20, 0x000001bb62cf8538]
Event: 12.171 Thread 0x000001bb75aa7800 5092       3       org.hibernate.annotations.common.reflection.java.generics.CompoundTypeEnvironment::create (44 bytes)
Event: 12.171 Thread 0x000001bb75aa7800 nmethod 5092 0x000001bb6292bf10 code [0x000001bb6292c0e0, 0x000001bb6292c3d8]
Event: 12.172 Thread 0x000001bb75aa7800 5093       3       org.hibernate.annotations.common.reflection.java.JavaXClass::toClass (14 bytes)
Event: 12.172 Thread 0x000001bb76b34000 nmethod 5054 0x000001bb69daad10 code [0x000001bb69dabb40, 0x000001bb69db5060]
Event: 12.172 Thread 0x000001bb75aa7800 nmethod 5093 0x000001bb62f6ca10 code [0x000001bb62f6cbc0, 0x000001bb62f6cd48]
Event: 12.172 Thread 0x000001bb75aa7800 5094       3       org.hibernate.annotations.common.reflection.java.TypeEnvironmentMap::getOrInitRootMap (50 bytes)
Event: 12.172 Thread 0x000001bb76b34000 5085       4       java.lang.invoke.Invokers$Holder::linkToTargetMethod (9 bytes)
Event: 12.172 Thread 0x000001bb75aa7800 nmethod 5094 0x000001bb62b9bd90 code [0x000001bb62b9bf80, 0x000001bb62b9c2f8]
Event: 12.172 Thread 0x000001bb75aa7800 5095       3       org.hibernate.service.internal.AbstractServiceRegistryImpl::$jacocoInit (54 bytes)
Event: 12.173 Thread 0x000001bb75aa7800 nmethod 5095 0x000001bb62cf6910 code [0x000001bb62cf6b40, 0x000001bb62cf76b8]
Event: 12.173 Thread 0x000001bb76b34000 nmethod 5085 0x000001bb69ddf710 code [0x000001bb69ddf8c0, 0x000001bb69ddf9b8]
Event: 12.173 Thread 0x000001bb76b34000 5076   !   4       java.util.zip.ZipFile$ZipFileInflaterInputStream::close (67 bytes)
Event: 12.173 Thread 0x000001bb75aa7800 5096       3       org.apache.logging.slf4j.SLF4JLogger::getMarker (163 bytes)
Event: 12.174 Thread 0x000001bb75aa7800 nmethod 5096 0x000001bb62dcd390 code [0x000001bb62dcd5e0, 0x000001bb62dcdd68]
Event: 12.174 Thread 0x000001bb75aa7800 5097       3       org.apache.logging.log4j.Level::getStandardLevel (14 bytes)
Event: 12.174 Thread 0x000001bb75aa7800 nmethod 5097 0x000001bb629c4990 code [0x000001bb629c4b40, 0x000001bb629c4cc8]
Event: 12.180 Thread 0x000001bb75aa7800 5099       3       java.lang.PublicMethods$Key::equals (52 bytes)
Event: 12.181 Thread 0x000001bb75aa7800 nmethod 5099 0x000001bb62dd9490 code [0x000001bb62dd9660, 0x000001bb62dd9b08]

GC Heap History (20 events):
Event: 9.231 GC heap before
{Heap before GC invocations=21 (full 0):
 garbage-first heap   total 58368K, used 48738K [0x00000000e0000000, 0x0000000100000000)
  region size 1024K, 33 young (33792K), 3 survivors (3072K)
 Metaspace       used 36843K, capacity 38090K, committed 38400K, reserved 1083392K
  class space    used 4265K, capacity 4776K, committed 4864K, reserved 1048576K
}
Event: 9.238 GC heap after
{Heap after GC invocations=22 (full 0):
 garbage-first heap   total 58368K, used 19207K [0x00000000e0000000, 0x0000000100000000)
  region size 1024K, 4 young (4096K), 4 survivors (4096K)
 Metaspace       used 36843K, capacity 38090K, committed 38400K, reserved 1083392K
  class space    used 4265K, capacity 4776K, committed 4864K, reserved 1048576K
}
Event: 9.583 GC heap before
{Heap before GC invocations=22 (full 0):
 garbage-first heap   total 58368K, used 46855K [0x00000000e0000000, 0x0000000100000000)
  region size 1024K, 31 young (31744K), 4 survivors (4096K)
 Metaspace       used 37760K, capacity 39018K, committed 39296K, reserved 1083392K
  class space    used 4365K, capacity 4872K, committed 4992K, reserved 1048576K
}
Event: 9.587 GC heap after
{Heap after GC invocations=23 (full 0):
 garbage-first heap   total 58368K, used 19240K [0x00000000e0000000, 0x0000000100000000)
  region size 1024K, 2 young (2048K), 2 survivors (2048K)
 Metaspace       used 37760K, capacity 39018K, committed 39296K, reserved 1083392K
  class space    used 4365K, capacity 4872K, committed 4992K, reserved 1048576K
}
Event: 9.954 GC heap before
{Heap before GC invocations=23 (full 0):
 garbage-first heap   total 58368K, used 47912K [0x00000000e0000000, 0x0000000100000000)
  region size 1024K, 30 young (30720K), 2 survivors (2048K)
 Metaspace       used 39251K, capacity 40457K, committed 40704K, reserved 1085440K
  class space    used 4490K, capacity 5008K, committed 5120K, reserved 1048576K
}
Event: 9.957 GC heap after
{Heap after GC invocations=24 (full 0):
 garbage-first heap   total 58368K, used 19197K [0x00000000e0000000, 0x0000000100000000)
  region size 1024K, 2 young (2048K), 2 survivors (2048K)
 Metaspace       used 39251K, capacity 40457K, committed 40704K, reserved 1085440K
  class space    used 4490K, capacity 5008K, committed 5120K, reserved 1048576K
}
Event: 10.402 GC heap before
{Heap before GC invocations=24 (full 0):
 garbage-first heap   total 58368K, used 48893K [0x00000000e0000000, 0x0000000100000000)
  region size 1024K, 31 young (31744K), 2 survivors (2048K)
 Metaspace       used 40690K, capacity 42007K, committed 42112K, reserved 1085440K
  class space    used 4678K, capacity 5203K, committed 5248K, reserved 1048576K
}
Event: 10.405 GC heap after
{Heap after GC invocations=25 (full 0):
 garbage-first heap   total 58368K, used 19535K [0x00000000e0000000, 0x0000000100000000)
  region size 1024K, 3 young (3072K), 3 survivors (3072K)
 Metaspace       used 40690K, capacity 42007K, committed 42112K, reserved 1085440K
  class space    used 4678K, capacity 5203K, committed 5248K, reserved 1048576K
}
Event: 10.766 GC heap before
{Heap before GC invocations=25 (full 0):
 garbage-first heap   total 58368K, used 47183K [0x00000000e0000000, 0x0000000100000000)
  region size 1024K, 30 young (30720K), 3 survivors (3072K)
 Metaspace       used 42079K, capacity 43422K, committed 43648K, reserved 1087488K
  class space    used 4897K, capacity 5439K, committed 5504K, reserved 1048576K
}
Event: 10.769 GC heap after
{Heap after GC invocations=26 (full 0):
 garbage-first heap   total 58368K, used 19776K [0x00000000e0000000, 0x0000000100000000)
  region size 1024K, 3 young (3072K), 3 survivors (3072K)
 Metaspace       used 42079K, capacity 43422K, committed 43648K, reserved 1087488K
  class space    used 4897K, capacity 5439K, committed 5504K, reserved 1048576K
}
Event: 11.026 GC heap before
{Heap before GC invocations=26 (full 0):
 garbage-first heap   total 58368K, used 47424K [0x00000000e0000000, 0x0000000100000000)
  region size 1024K, 30 young (30720K), 3 survivors (3072K)
 Metaspace       used 43633K, capacity 44906K, committed 45184K, reserved 1089536K
  class space    used 5180K, capacity 5699K, committed 5760K, reserved 1048576K
}
Event: 11.029 GC heap after
{Heap after GC invocations=27 (full 0):
 garbage-first heap   total 58368K, used 19905K [0x00000000e0000000, 0x0000000100000000)
  region size 1024K, 3 young (3072K), 3 survivors (3072K)
 Metaspace       used 43633K, capacity 44906K, committed 45184K, reserved 1089536K
  class space    used 5180K, capacity 5699K, committed 5760K, reserved 1048576K
}
Event: 11.242 GC heap before
{Heap before GC invocations=27 (full 0):
 garbage-first heap   total 58368K, used 47553K [0x00000000e0000000, 0x0000000100000000)
  region size 1024K, 30 young (30720K), 3 survivors (3072K)
 Metaspace       used 44907K, capacity 46144K, committed 46464K, reserved 1089536K
  class space    used 5383K, capacity 5899K, committed 6016K, reserved 1048576K
}
Event: 11.246 GC heap after
{Heap after GC invocations=28 (full 0):
 garbage-first heap   total 58368K, used 20345K [0x00000000e0000000, 0x0000000100000000)
  region size 1024K, 3 young (3072K), 3 survivors (3072K)
 Metaspace       used 44907K, capacity 46144K, committed 46464K, reserved 1089536K
  class space    used 5383K, capacity 5899K, committed 6016K, reserved 1048576K
}
Event: 11.434 GC heap before
{Heap before GC invocations=28 (full 0):
 garbage-first heap   total 58368K, used 47993K [0x00000000e0000000, 0x0000000100000000)
  region size 1024K, 30 young (30720K), 3 survivors (3072K)
 Metaspace       used 46176K, capacity 47555K, committed 47872K, reserved 1091584K
  class space    used 5491K, capacity 6028K, committed 6144K, reserved 1048576K
}
Event: 11.437 GC heap after
{Heap after GC invocations=29 (full 0):
 garbage-first heap   total 58368K, used 20797K [0x00000000e0000000, 0x0000000100000000)
  region size 1024K, 3 young (3072K), 3 survivors (3072K)
 Metaspace       used 46176K, capacity 47555K, committed 47872K, reserved 1091584K
  class space    used 5491K, capacity 6028K, committed 6144K, reserved 1048576K
}
Event: 11.610 GC heap before
{Heap before GC invocations=29 (full 0):
 garbage-first heap   total 58368K, used 48445K [0x00000000e0000000, 0x0000000100000000)
  region size 1024K, 30 young (30720K), 3 survivors (3072K)
 Metaspace       used 47222K, capacity 48585K, committed 48768K, reserved 1091584K
  class space    used 5622K, capacity 6158K, committed 6272K, reserved 1048576K
}
Event: 11.613 GC heap after
{Heap after GC invocations=30 (full 0):
 garbage-first heap   total 58368K, used 20880K [0x00000000e0000000, 0x0000000100000000)
  region size 1024K, 2 young (2048K), 2 survivors (2048K)
 Metaspace       used 47222K, capacity 48585K, committed 48768K, reserved 1091584K
  class space    used 5622K, capacity 6158K, committed 6272K, reserved 1048576K
}
Event: 11.830 GC heap before
{Heap before GC invocations=30 (full 0):
 garbage-first heap   total 58368K, used 49552K [0x00000000e0000000, 0x0000000100000000)
  region size 1024K, 30 young (30720K), 2 survivors (2048K)
 Metaspace       used 48485K, capacity 49874K, committed 50176K, reserved 1093632K
  class space    used 5770K, capacity 6289K, committed 6400K, reserved 1048576K
}
Event: 11.834 GC heap after
{Heap after GC invocations=31 (full 0):
 garbage-first heap   total 58368K, used 21506K [0x00000000e0000000, 0x0000000100000000)
  region size 1024K, 3 young (3072K), 3 survivors (3072K)
 Metaspace       used 48485K, capacity 49874K, committed 50176K, reserved 1093632K
  class space    used 5770K, capacity 6289K, committed 6400K, reserved 1048576K
}

Deoptimization events (20 events):
Event: 11.267 Thread 0x000001bb75bc9000 DEOPT PACKING pc=0x000001bb631ca5b5 sp=0x0000006fef8f58a0
Event: 11.267 Thread 0x000001bb75bc9000 DEOPT UNPACKING pc=0x000001bb6223964e sp=0x0000006fef8f4e70 mode 0
Event: 11.298 Thread 0x000001bb75bc9000 Uncommon trap: trap_request=0xffffff45 fr.pc=0x000001bb69d29f80 relative=0x0000000000000ee0
Event: 11.298 Thread 0x000001bb75bc9000 Uncommon trap: reason=unstable_if action=reinterpret pc=0x000001bb69d29f80 method=org.jacoco.agent.rt.internal_f3994fa.asm.SymbolTable.addConstantUtf8Reference(ILjava/lang/String;)Lorg/jacoco/agent/rt/internal_f3994fa/asm/Symbol; @ 45 c2
Event: 11.298 Thread 0x000001bb75bc9000 DEOPT PACKING pc=0x000001bb69d29f80 sp=0x0000006fef8f6990
Event: 11.298 Thread 0x000001bb75bc9000 DEOPT UNPACKING pc=0x000001bb6223912f sp=0x0000006fef8f6978 mode 2
Event: 11.372 Thread 0x000001bb75bc9000 Uncommon trap: trap_request=0xffffff45 fr.pc=0x000001bb69d86008 relative=0x0000000000000468
Event: 11.372 Thread 0x000001bb75bc9000 Uncommon trap: reason=unstable_if action=reinterpret pc=0x000001bb69d86008 method=java.util.LinkedHashMap.get(Ljava/lang/Object;)Ljava/lang/Object; @ 20 c2
Event: 11.372 Thread 0x000001bb75bc9000 DEOPT PACKING pc=0x000001bb69d86008 sp=0x0000006fef8f9820
Event: 11.372 Thread 0x000001bb75bc9000 DEOPT UNPACKING pc=0x000001bb6223912f sp=0x0000006fef8f97d8 mode 2
Event: 11.547 Thread 0x000001bb75bc9000 DEOPT PACKING pc=0x000001bb631ca5b5 sp=0x0000006fef8f72a0
Event: 11.547 Thread 0x000001bb75bc9000 DEOPT UNPACKING pc=0x000001bb6223964e sp=0x0000006fef8f6870 mode 0
Event: 11.572 Thread 0x000001bb75bc9000 Uncommon trap: trap_request=0xffffff45 fr.pc=0x000001bb69f16a48 relative=0x0000000000007b68
Event: 11.572 Thread 0x000001bb75bc9000 Uncommon trap: reason=unstable_if action=reinterpret pc=0x000001bb69f16a48 method=org.jacoco.agent.rt.internal_f3994fa.asm.tree.AnnotationNode.accept(Lorg/jacoco/agent/rt/internal_f3994fa/asm/AnnotationVisitor;Ljava/lang/String;Ljava/lang/Object;)V @ 37 c
Event: 11.572 Thread 0x000001bb75bc9000 DEOPT PACKING pc=0x000001bb69f16a48 sp=0x0000006fef8f76d0
Event: 11.572 Thread 0x000001bb75bc9000 DEOPT UNPACKING pc=0x000001bb6223912f sp=0x0000006fef8f7640 mode 2
Event: 11.654 Thread 0x000001bb75bc9000 DEOPT PACKING pc=0x000001bb630c603a sp=0x0000006fef8f5100
Event: 11.654 Thread 0x000001bb75bc9000 DEOPT UNPACKING pc=0x000001bb6223964e sp=0x0000006fef8f46b8 mode 0
Event: 11.858 Thread 0x000001bb75bc9000 DEOPT PACKING pc=0x000001bb631ca2ab sp=0x0000006fef8f35e0
Event: 11.858 Thread 0x000001bb75bc9000 DEOPT UNPACKING pc=0x000001bb6223964e sp=0x0000006fef8f2bb0 mode 0

Classes unloaded (0 events):
No events

Classes redefined (0 events):
No events

Internal exceptions (20 events):
Event: 8.432 Thread 0x000001bb75bc9000 Exception <a 'java/lang/ClassNotFoundException'{0x00000000e8343eb8}: org/springframework/boot/orm/jpa/EntityManagerFactoryBuilderCustomizer> (0x00000000e8343eb8) 
thrown [./open/src/hotspot/share/classfile/systemDictionary.cpp, line 226]
Event: 9.801 Thread 0x000001bb75bc9000 Exception <a 'java/lang/ClassNotFoundException'{0x00000000e2b6cf80}: java/lang/ObjectCustomizer> (0x00000000e2b6cf80) 
thrown [./open/src/hotspot/share/classfile/systemDictionary.cpp, line 226]
Event: 9.802 Thread 0x000001bb75bc9000 Exception <a 'java/lang/ClassNotFoundException'{0x00000000e2b8bb48}: org/springframework/orm/jpa/AbstractEntityManagerFactoryBeanCustomizer> (0x00000000e2b8bb48) 
thrown [./open/src/hotspot/share/classfile/systemDictionary.cpp, line 226]
Event: 9.806 Thread 0x000001bb75bc9000 Exception <a 'java/lang/ClassNotFoundException'{0x00000000e2bc8ed0}: org/springframework/orm/jpa/LocalContainerEntityManagerFactoryBeanCustomizer> (0x00000000e2bc8ed0) 
thrown [./open/src/hotspot/share/classfile/systemDictionary.cpp, line 226]
Event: 9.809 Thread 0x000001bb75bc9000 Exception <a 'java/lang/ClassNotFoundException'{0x00000000e2a24d98}: org/springframework/context/ResourceLoaderAwareCustomizer> (0x00000000e2a24d98) 
thrown [./open/src/hotspot/share/classfile/systemDictionary.cpp, line 226]
Event: 9.810 Thread 0x000001bb75bc9000 Exception <a 'java/lang/ClassNotFoundException'{0x00000000e2a3c6c0}: org/springframework/beans/factory/AwareCustomizer> (0x00000000e2a3c6c0) 
thrown [./open/src/hotspot/share/classfile/systemDictionary.cpp, line 226]
Event: 9.811 Thread 0x000001bb75bc9000 Exception <a 'java/lang/ClassNotFoundException'{0x00000000e2a55fa8}: org/springframework/context/weaving/LoadTimeWeaverAwareCustomizer> (0x00000000e2a55fa8) 
thrown [./open/src/hotspot/share/classfile/systemDictionary.cpp, line 226]
Event: 9.812 Thread 0x000001bb75bc9000 Exception <a 'java/lang/ClassNotFoundException'{0x00000000e2a6ddc8}: org/springframework/beans/factory/AwareCustomizer> (0x00000000e2a6ddc8) 
thrown [./open/src/hotspot/share/classfile/systemDictionary.cpp, line 226]
Event: 9.813 Thread 0x000001bb75bc9000 Exception <a 'java/lang/ClassNotFoundException'{0x00000000e2a86180}: org/springframework/beans/factory/FactoryBeanCustomizer> (0x00000000e2a86180) 
thrown [./open/src/hotspot/share/classfile/systemDictionary.cpp, line 226]
Event: 9.815 Thread 0x000001bb75bc9000 Exception <a 'java/lang/ClassNotFoundException'{0x00000000e2aa3c80}: org/springframework/beans/factory/BeanClassLoaderAwareCustomizer> (0x00000000e2aa3c80) 
thrown [./open/src/hotspot/share/classfile/systemDictionary.cpp, line 226]
Event: 9.817 Thread 0x000001bb75bc9000 Exception <a 'java/lang/ClassNotFoundException'{0x00000000e2abb600}: org/springframework/beans/factory/AwareCustomizer> (0x00000000e2abb600) 
thrown [./open/src/hotspot/share/classfile/systemDictionary.cpp, line 226]
Event: 9.819 Thread 0x000001bb75bc9000 Exception <a 'java/lang/ClassNotFoundException'{0x00000000e2ad4298}: org/springframework/beans/factory/BeanFactoryAwareCustomizer> (0x00000000e2ad4298) 
thrown [./open/src/hotspot/share/classfile/systemDictionary.cpp, line 226]
Event: 9.821 Thread 0x000001bb75bc9000 Exception <a 'java/lang/ClassNotFoundException'{0x00000000e2aec368}: org/springframework/beans/factory/AwareCustomizer> (0x00000000e2aec368) 
thrown [./open/src/hotspot/share/classfile/systemDictionary.cpp, line 226]
Event: 9.822 Thread 0x000001bb75bc9000 Exception <a 'java/lang/ClassNotFoundException'{0x00000000e2984ec8}: org/springframework/beans/factory/BeanNameAwareCustomizer> (0x00000000e2984ec8) 
thrown [./open/src/hotspot/share/classfile/systemDictionary.cpp, line 226]
Event: 9.824 Thread 0x000001bb75bc9000 Exception <a 'java/lang/ClassNotFoundException'{0x00000000e299cc08}: org/springframework/beans/factory/AwareCustomizer> (0x00000000e299cc08) 
thrown [./open/src/hotspot/share/classfile/systemDictionary.cpp, line 226]
Event: 9.825 Thread 0x000001bb75bc9000 Exception <a 'java/lang/ClassNotFoundException'{0x00000000e29b58a0}: org/springframework/beans/factory/InitializingBeanCustomizer> (0x00000000e29b58a0) 
thrown [./open/src/hotspot/share/classfile/systemDictionary.cpp, line 226]
Event: 9.825 Thread 0x000001bb75bc9000 Exception <a 'java/lang/ClassNotFoundException'{0x00000000e29ce820}: org/springframework/beans/factory/DisposableBeanCustomizer> (0x00000000e29ce820) 
thrown [./open/src/hotspot/share/classfile/systemDictionary.cpp, line 226]
Event: 9.826 Thread 0x000001bb75bc9000 Exception <a 'java/lang/ClassNotFoundException'{0x00000000e29e8d70}: org/springframework/orm/jpa/EntityManagerFactoryInfoCustomizer> (0x00000000e29e8d70) 
thrown [./open/src/hotspot/share/classfile/systemDictionary.cpp, line 226]
Event: 9.828 Thread 0x000001bb75bc9000 Exception <a 'java/lang/ClassNotFoundException'{0x00000000e280eb40}: org/springframework/dao/support/PersistenceExceptionTranslatorCustomizer> (0x00000000e280eb40) 
thrown [./open/src/hotspot/share/classfile/systemDictionary.cpp, line 226]
Event: 11.849 Thread 0x000001bb75bc9000 Exception <a 'java/lang/NoSuchMethodError'{0x00000000efeea4b0}: 'java.lang.Object java.lang.invoke.DirectMethodHandle$Holder.newInvokeSpecial(java.lang.Object, java.lang.Object, int, java.lang.Object, java.lang.Object)'> (0x00000000efeea4b0) 
thrown [./open/src/hotspot/share/interpreter/linkResolver.cpp, line 766]

Events (20 events):
Event: 11.434 Executing VM operation: G1CollectForAllocation
Event: 11.437 Executing VM operation: G1CollectForAllocation done
Event: 11.609 Executing VM operation: G1CollectForAllocation
Event: 11.613 Executing VM operation: G1CollectForAllocation done
Event: 11.690 loading class sun/reflect/generics/repository/FieldRepository
Event: 11.690 loading class sun/reflect/generics/repository/FieldRepository done
Event: 11.759 loading class sun/security/provider/MD5
Event: 11.759 loading class sun/security/provider/MD5 done
Event: 11.760 loading class java/math/MutableBigInteger
Event: 11.760 loading class java/math/MutableBigInteger done
Event: 11.824 loading class javax/naming/RefAddr
Event: 11.825 loading class javax/naming/RefAddr done
Event: 11.825 loading class javax/naming/StringRefAddr
Event: 11.825 loading class javax/naming/StringRefAddr done
Event: 11.830 Executing VM operation: G1CollectForAllocation
Event: 11.834 Executing VM operation: G1CollectForAllocation done
Event: 11.840 loading class java/io/InvalidObjectException
Event: 11.840 loading class java/io/InvalidObjectException done
Event: 12.114 loading class java/lang/SafeVarargs
Event: 12.116 loading class java/lang/SafeVarargs done


Dynamic libraries:
0x00007ff6c5a50000 - 0x00007ff6c5a5f000 	C:\Program Files\Java\jdk-14.0.2\bin\java.exe
0x00007fff3d3c0000 - 0x00007fff3d5b0000 	C:\Windows\SYSTEM32\ntdll.dll
0x00007fff3cfa0000 - 0x00007fff3d052000 	C:\Windows\System32\KERNEL32.DLL
0x00007fff3acd0000 - 0x00007fff3af73000 	C:\Windows\System32\KERNELBASE.dll
0x00007fff3af80000 - 0x00007fff3b07a000 	C:\Windows\System32\ucrtbase.dll
0x00007fff32770000 - 0x00007fff32785000 	C:\Program Files\Java\jdk-14.0.2\bin\VCRUNTIME140.dll
0x00007fff32750000 - 0x00007fff32768000 	C:\Program Files\Java\jdk-14.0.2\bin\jli.dll
0x00007fff3bf90000 - 0x00007fff3c033000 	C:\Windows\System32\ADVAPI32.dll
0x00007fff3be90000 - 0x00007fff3bf2e000 	C:\Windows\System32\msvcrt.dll
0x00007fff3c5a0000 - 0x00007fff3c637000 	C:\Windows\System32\sechost.dll
0x00007fff3c140000 - 0x00007fff3c260000 	C:\Windows\System32\RPCRT4.dll
0x00007fff3d060000 - 0x00007fff3d1f3000 	C:\Windows\System32\USER32.dll
0x00007fff3b080000 - 0x00007fff3b0a1000 	C:\Windows\System32\win32u.dll
0x00007fff2b450000 - 0x00007fff2b6d5000 	C:\Windows\WinSxS\amd64_microsoft.windows.common-controls_6595b64144ccf1df_6.0.18362.388_none_e6c6afa5130d5b6d\COMCTL32.dll
0x00007fff3c040000 - 0x00007fff3c066000 	C:\Windows\System32\GDI32.dll
0x00007fff3b230000 - 0x00007fff3b3c4000 	C:\Windows\System32\gdi32full.dll
0x00007fff3c260000 - 0x00007fff3c596000 	C:\Windows\System32\combase.dll
0x00007fff3b3d0000 - 0x00007fff3b46e000 	C:\Windows\System32\msvcp_win.dll
0x00007fff3a380000 - 0x00007fff3a400000 	C:\Windows\System32\bcryptPrimitives.dll
0x00007fff30950000 - 0x00007fff3095a000 	C:\Windows\SYSTEM32\VERSION.dll
0x00007fff3bf60000 - 0x00007fff3bf8e000 	C:\Windows\System32\IMM32.DLL
0x00007fff1a7a0000 - 0x00007fff1a83b000 	C:\Program Files\Java\jdk-14.0.2\bin\msvcp140.dll
0x00007ffef2400000 - 0x00007ffef2f1e000 	C:\Program Files\Java\jdk-14.0.2\bin\server\jvm.dll
0x00007fff3b5d0000 - 0x00007fff3b5d8000 	C:\Windows\System32\PSAPI.DLL
0x00007fff36270000 - 0x00007fff36279000 	C:\Windows\SYSTEM32\WSOCK32.dll
0x00007fff36450000 - 0x00007fff36474000 	C:\Windows\SYSTEM32\WINMM.dll
0x00007fff3d2b0000 - 0x00007fff3d31f000 	C:\Windows\System32\WS2_32.dll
0x00007fff36420000 - 0x00007fff3644d000 	C:\Windows\SYSTEM32\winmmbase.dll
0x00007fff3b1e0000 - 0x00007fff3b22a000 	C:\Windows\System32\cfgmgr32.dll
0x00007fff3a2c0000 - 0x00007fff3a2d1000 	C:\Windows\System32\kernel.appcore.dll
0x00007fff32740000 - 0x00007fff3274a000 	C:\Program Files\Java\jdk-14.0.2\bin\jimage.dll
0x00007fff1dfc0000 - 0x00007fff1e1b4000 	C:\Windows\SYSTEM32\DBGHELP.DLL
0x00007fff1de70000 - 0x00007fff1de9a000 	C:\Windows\SYSTEM32\dbgcore.DLL
0x00007fff362a0000 - 0x00007fff362ae000 	C:\Program Files\Java\jdk-14.0.2\bin\instrument.dll
0x00007fff29a20000 - 0x00007fff29a45000 	C:\Program Files\Java\jdk-14.0.2\bin\java.dll
0x00007fff2bb50000 - 0x00007fff2bb66000 	C:\Program Files\Java\jdk-14.0.2\bin\zip.dll
0x00007fff3b6d0000 - 0x00007fff3bdb5000 	C:\Windows\System32\SHELL32.dll
0x00007fff3c800000 - 0x00007fff3c8a9000 	C:\Windows\System32\shcore.dll
0x00007fff3a550000 - 0x00007fff3accf000 	C:\Windows\System32\windows.storage.dll
0x00007fff3a2a0000 - 0x00007fff3a2bf000 	C:\Windows\System32\profapi.dll
0x00007fff3a2e0000 - 0x00007fff3a32a000 	C:\Windows\System32\powrprof.dll
0x00007fff3a290000 - 0x00007fff3a2a0000 	C:\Windows\System32\UMPDC.dll
0x00007fff3c910000 - 0x00007fff3c962000 	C:\Windows\System32\shlwapi.dll
0x00007fff3b160000 - 0x00007fff3b177000 	C:\Windows\System32\cryptsp.dll
0x00007fff2b0d0000 - 0x00007fff2b0e9000 	C:\Program Files\Java\jdk-14.0.2\bin\net.dll
0x00007fff33310000 - 0x00007fff33400000 	C:\Windows\SYSTEM32\WINHTTP.dll
0x00007fff39ab0000 - 0x00007fff39b17000 	C:\Windows\system32\mswsock.dll
0x00007fff2afa0000 - 0x00007fff2afb2000 	C:\Program Files\Java\jdk-14.0.2\bin\nio.dll
0x00007fff325b0000 - 0x00007fff325c0000 	C:\Program Files\Java\jdk-14.0.2\bin\verify.dll
0x00007fff07b10000 - 0x00007fff07b26000 	C:\Windows\system32\napinsp.dll
0x00007fff00a80000 - 0x00007fff00a9a000 	C:\Windows\system32\pnrpnsp.dll
0x00007fff39810000 - 0x00007fff398da000 	C:\Windows\SYSTEM32\DNSAPI.dll
0x00007fff3bf30000 - 0x00007fff3bf38000 	C:\Windows\System32\NSI.dll
0x00007fff397d0000 - 0x00007fff3980a000 	C:\Windows\SYSTEM32\IPHLPAPI.DLL
0x00007fff35250000 - 0x00007fff3525e000 	C:\Windows\System32\winrnr.dll
0x00007fff36120000 - 0x00007fff3613c000 	C:\Windows\system32\NLAapi.dll
0x00007fff23e10000 - 0x00007fff23e25000 	C:\Windows\system32\wshbth.dll
0x00007fff2c9e0000 - 0x00007fff2c9ea000 	C:\Windows\System32\rasadhlp.dll
0x00007fff30f60000 - 0x00007fff30fd7000 	C:\Windows\System32\fwpuclnt.dll
0x00007fff3a350000 - 0x00007fff3a376000 	C:\Windows\System32\bcrypt.dll
0x00007fff31590000 - 0x00007fff315a6000 	C:\Windows\SYSTEM32\dhcpcsvc6.DLL
0x00007fff31610000 - 0x00007fff3162c000 	C:\Windows\SYSTEM32\dhcpcsvc.DLL
0x00007fff39630000 - 0x00007fff39663000 	C:\Windows\system32\rsaenh.dll
0x00007fff3a1b0000 - 0x00007fff3a1d5000 	C:\Windows\SYSTEM32\USERENV.dll
0x00007fff39c30000 - 0x00007fff39c3c000 	C:\Windows\SYSTEM32\CRYPTBASE.dll
0x00007fff2d1b0000 - 0x00007fff2d1b9000 	C:\Program Files\Java\jdk-14.0.2\bin\management.dll
0x00007fff2a260000 - 0x00007fff2a26b000 	C:\Program Files\Java\jdk-14.0.2\bin\management_ext.dll

dbghelp: loaded successfully - version: 4.0.5 - missing functions: none
symbol engine: initialized successfully - sym options: 0x614 - pdb path: .;C:\Program Files\Java\jdk-14.0.2\bin;C:\Windows\SYSTEM32;C:\Windows\WinSxS\amd64_microsoft.windows.common-controls_6595b64144ccf1df_6.0.18362.388_none_e6c6afa5130d5b6d;C:\Program Files\Java\jdk-14.0.2\bin\server

VM Arguments:
jvm_args: -Dorg.gradle.native=false -javaagent:build/tmp/expandedArchives/org.jacoco.agent-0.8.6.jar_a26f6511a7813217be4cd6439d66563b/jacocoagent.jar=destfile=build/jacoco/test.exec,append=true,inclnolocationclasses=false,dumponexit=true,output=file,jmx=false -Xmx512m -Dfile.encoding=windows-1252 -Duser.country=US -Duser.language=en -Duser.variant -ea 
java_command: worker.org.gradle.process.internal.worker.GradleWorkerMain 'Gradle Test Executor 2'
java_class_path (initial): C:\\Users\\Administrator\\.gradle\\caches\\6.8.3\\workerMain\\gradle-worker.jar;C:\\Users\\Administrator\\eclipse-workspace\\100_percent_capstone\\build\\classes\\java\\test;C:\\Users\\Administrator\\eclipse-workspace\\100_percent_capstone\\build\\resources\\test;C:\\Users\\Administrator\\eclipse-workspace\\100_percent_capstone\\build\\classes\\java\\main;C:\\Users\\Administrator\\eclipse-workspace\\100_percent_capstone\\build\\resources\\main;C:\\Users\\Administrator\\.gradle\\caches\\modules-2\\files-2.1\\org.springframework.boot\\spring-boot-starter-data-jpa\\2.4.5\\cba91e070e601c55eec0d8a1948dcca15703ad37\\spring-boot-starter-data-jpa-2.4.5.jar;C:\\Users\\Administrator\\.gradle\\caches\\modules-2\\files-2.1\\org.springframework.boot\\spring-boot-starter-web\\2.4.5\\93cf2655557534e35723fbafa069bed2ee125832\\spring-boot-starter-web-2.4.5.jar;C:\\Users\\Administrator\\.gradle\\caches\\modules-2\\files-2.1\\com.h2database\\h2\\1.4.200\\f7533fe7cb8e99c87a43d325a77b4b678ad9031a\\h2-1.4.200.jar;C:\\Users\\Administrator\\.gradle\\caches\\modules-2\\files-2.1\\org.postgresql\\postgresql\\42.2.19\\85cb20fe8151b6d90900d5ae5cfe0ad7c3e8f921\\postgresql-42.2.19.jar;C:\\Users\\Administrator\\.gradle\\caches\\modules-2\\files-2.1\\org.springframework.boot\\spring-boot-starter-test\\2.4.5\\a8f04cd49dc761c9a1af2f3e41cb0fc51b3de12f\\spring-boot-starter-test-2.4.5.jar;C:\\Users\\Administrator\\.gradle\\caches\\modules-2\\files-2.1\\org.springframework.restdocs\\spring-restdocs-mockmvc\\2.0.5.RELEASE\\56c07615494c5ed6fb021eab629bcc81a4fea3f9\\spring-restdocs-mockmvc-2.0.5.RELEASE.jar;C:\\Users\\Administrator\\.gradle\\caches\\modules-2\\files-2.1\\org.springframework.boot\\spring-boot-starter-aop\\2.4.5\\853bfc5d1c867f66880971515bda82ecc737e839\\spring-boot-starter-aop-2.4.5.jar;C:\\Users\\Administrator\\.gradle\\caches\\modules-2\\files-2.1\\org.springframework.boot\\spring-boot-starter-jdbc\\2.4.5\\abcca18ef5a2c877a5574a492b570bb260640de3\\spring-boot-
Launcher Type: SUN_STANDARD

[Global flags]
     intx CICompilerCount                          = 3                                         {product} {ergonomic}
     uint ConcGCThreads                            = 1                                         {product} {ergonomic}
     uint G1ConcRefinementThreads                  = 4                                         {product} {ergonomic}
   size_t G1HeapRegionSize                         = 1048576                                   {product} {ergonomic}
    uintx GCDrainStackTargetSize                   = 64                                        {product} {ergonomic}
   size_t InitialHeapSize                          = 268435456                                 {product} {ergonomic}
   size_t MarkStackSize                            = 4194304                                   {product} {ergonomic}
   size_t MaxHeapSize                              = 536870912                                 {product} {command line}
   size_t MaxNewSize                               = 321912832                                 {product} {ergonomic}
   size_t MinHeapDeltaBytes                        = 1048576                                   {product} {ergonomic}
   size_t MinHeapSize                              = 8388608                                   {product} {ergonomic}
    uintx NonNMethodCodeHeapSize                   = 5832780                                {pd product} {ergonomic}
    uintx NonProfiledCodeHeapSize                  = 122912730                              {pd product} {ergonomic}
    uintx ProfiledCodeHeapSize                     = 122912730                              {pd product} {ergonomic}
    uintx ReservedCodeCacheSize                    = 251658240                              {pd product} {ergonomic}
     bool SegmentedCodeCache                       = true                                      {product} {ergonomic}
   size_t SoftMaxHeapSize                          = 536870912                              {manageable} {ergonomic}
     bool UseCompressedClassPointers               = true                                 {lp64_product} {ergonomic}
     bool UseCompressedOops                        = true                                 {lp64_product} {ergonomic}
     bool UseG1GC                                  = true                                      {product} {ergonomic}
     bool UseLargePagesIndividualAllocation        = false                                  {pd product} {ergonomic}

Logging:
Log output configuration:
 #0: stdout all=warning uptime,level,tags
 #1: stderr all=off uptime,level,tags

Environment Variables:
PATH=C:\Program Files (x86)\Common Files\Oracle\Java\javapath;C:\Windows\system32;C:\Windows;C:\Windows\System32\Wbem;C:\Windows\System32\WindowsPowerShell\v1.0\;C:\Windows\System32\OpenSSH\;C:\Gradle\gradle-6.8.3\bin;C:\Program Files\Git\cmd;C:\Program Files\Docker\Docker\resources\bin;C:\ProgramData\DockerDesktop\version-bin;C:\Users\Administrator\AppData\Local\Microsoft\WindowsApps;C:\Users\Administrator\AppData\Local\Programs\Microsoft VS Code\bin;C:\Users\Administrator\AppData\Roaming\Dashlane\6.2026.0.36165\bin\Firefox_Extension\{442718d9-475e-452a-b3e1-fb1ee16b8e9f}\components;C:\Users\Administrator\AppData\Roaming\Dashlane\6.2026.0.36165\ucrt;C:\Users\Administrator\AppData\Roaming\Dashlane\6.2026.0.36165\bin\Qt;C:\Users\Administrator\AppData\Roaming\Dashlane\6.2026.0.36165\ucrt;C:\Users\Administrator\AppData\Roaming\Dashlane\6.2026.0.36165\bin\Ssl;C:\Gradle\gradle-6.8.3\bin;C:\Program Files\heroku\bin
USERNAME=Administrator
OS=Windows_NT
PROCESSOR_IDENTIFIER=Intel64 Family 6 Model 61 Stepping 4, GenuineIntel



---------------  S Y S T E M  ---------------

OS: Windows 10 , 64 bit Build 18362 (10.0.18362.329)
OS uptime: 10 days 22:34 hours
HyperV virtualization detected

CPU:total 4 (initial active 4) (2 cores per cpu, 2 threads per core) family 6 model 61 stepping 4, cmov, cx8, fxsr, mmx, sse, sse2, sse3, ssse3, sse4.1, sse4.2, popcnt, avx, avx2, aes, clmul, erms, rtm, 3dnowpref, lzcnt, ht, tsc, tscinvbit, bmi1, bmi2, adx, fma

Memory: 4k page, system-wide physical 16258M (7173M free)
TotalPageFile size 18690M (AvailPageFile size 7157M)
current process WorkingSet (physical memory assigned to process): 222M, peak: 295M
current process commit charge ("private bytes"): 255M, peak: 429M

vm_info: Java HotSpot(TM) 64-Bit Server VM (14.0.2+12-46) for windows-amd64 JRE (14.0.2+12-46), built on Jul  9 2020 00:35:52 by "mach5one" with MS VC++ 15.9 (VS2017)

END.
